<?xml version="1.0" encoding="UTF-8"?>
<testng-results ignored="0" total="1" passed="1" failed="0" skipped="0">
  <reporter-output>
    <line>
      <![CDATA[Setting up reports and test is getting ready]]>
    </line>
    <line>
      <![CDATA[Setting done test can be started]]>
    </line>
    <line>
      <![CDATA[Trying to start browser and getting read application]]>
    </line>
    <line>
      <![CDATA[browse and application is up and running]]>
    </line>
    <line>
      <![CDATA[Test is about to end]]>
    </line>
    <line>
      <![CDATA[Test completed >>> Reports generated]]>
    </line>
  </reporter-output>
  <suite started-at="2023-10-11T09:50:19Z" name="Suite" finished-at="2023-10-11T09:50:25Z" duration-ms="6261">
    <groups>
    </groups>
    <test started-at="2023-10-11T09:50:19Z" name="Test" finished-at="2023-10-11T09:50:25Z" duration-ms="6261">
      <class name="com.learautomation.testcase.LoginTestBank">
        <test-method is-config="true" signature="setUpSuite()[pri:0, instance:com.learautomation.testcase.LoginTestBank@710f4dc7]" started-at="2023-10-11T15:20:18Z" name="setUpSuite" finished-at="2023-10-11T15:20:19Z" duration-ms="865" status="PASS">
          <reporter-output>
            <line>
              <![CDATA[Setting up reports and test is getting ready]]>
            </line>
            <line>
              <![CDATA[Setting done test can be started]]>
            </line>
          </reporter-output>
        </test-method> <!-- setUpSuite -->
        <test-method is-config="true" signature="setup()[pri:0, instance:com.learautomation.testcase.LoginTestBank@710f4dc7]" started-at="2023-10-11T15:20:19Z" name="setup" finished-at="2023-10-11T15:20:21Z" duration-ms="2392" status="PASS">
          <reporter-output>
            <line>
              <![CDATA[Trying to start browser and getting read application]]>
            </line>
            <line>
              <![CDATA[browse and application is up and running]]>
            </line>
          </reporter-output>
        </test-method> <!-- setup -->
        <test-method signature="loginApp()[pri:1, instance:com.learautomation.testcase.LoginTestBank@710f4dc7]" started-at="2023-10-11T15:20:21Z" name="loginApp" finished-at="2023-10-11T15:20:24Z" duration-ms="2958" status="PASS">
          <reporter-output>
          </reporter-output>
        </test-method> <!-- loginApp -->
        <test-method is-config="true" signature="tearDownMethod(org.testng.ITestResult)[pri:0, instance:com.learautomation.testcase.LoginTestBank@710f4dc7]" started-at="2023-10-11T15:20:24Z" name="tearDownMethod" finished-at="2023-10-11T15:20:25Z" duration-ms="544" status="PASS">
          <params>
            <param index="0">
              <value>
                <![CDATA[[TestResult name=loginApp status=SUCCESS method=LoginTestBank.loginApp()[pri:1, instance:com.learautomation.testcase.LoginTestBank@710f4dc7] output={null}]]]>
              </value>
            </param>
          </params>
          <reporter-output>
            <line>
              <![CDATA[Test is about to end]]>
            </line>
            <line>
              <![CDATA[Test completed >>> Reports generated]]>
            </line>
          </reporter-output>
        </test-method> <!-- tearDownMethod -->
        <test-method is-config="true" signature="tearDown()[pri:0, instance:com.learautomation.testcase.LoginTestBank@710f4dc7]" started-at="2023-10-11T15:20:25Z" name="tearDown" finished-at="2023-10-11T15:20:25Z" duration-ms="348" status="PASS">
          <reporter-output>
          </reporter-output>
        </test-method> <!-- tearDown -->
      </class> <!-- com.learautomation.testcase.LoginTestBank -->
    </test> <!-- Test -->
  </suite> <!-- Suite -->
</testng-results>
